Build started 11/4/2018 5:44:07 PM.
     1>Project "C:\Users\Teodor\Documents\Visual Studio 2013\Projects\AEACD\AEACD\AEACD\AEACD.vcxproj" on node 2 (Build target(s)).
     1>ClCompile:
         C:\Program Files (x86)\Microsoft Visual Studio 12.0\VC\bin\CL.exe /c /IC:\Users\Teodor\Downloads\opencv\build\include /ZI /nologo /W3 /WX- /sdl /Od /Oy- /D WIN32 /D _DEBUG /D _CONSOLE /D _LIB /D _UNICODE /D UNICODE /Gm /EHsc /RTC1 /MDd /GS /fp:precise /Zc:wchar_t /Zc:forScope /Yu"stdafx.h" /Fp"Debug\AEACD.pch" /Fo"Debug\\" /Fd"Debug\vc120.pdb" /Gd /TP /analyze- /errorReport:prompt AEACD.cpp
         AEACD.cpp
       Link:
         C:\Program Files (x86)\Microsoft Visual Studio 12.0\VC\bin\link.exe /ERRORREPORT:PROMPT /OUT:"C:\Users\Teodor\Documents\Visual Studio 2013\Projects\AEACD\AEACD\Debug\AEACD.exe" /INCREMENTAL /NOLOGO kernel32.lib user32.lib gdi32.lib winspool.lib comdlg32.lib advapi32.lib shell32.lib ole32.lib oleaut32.lib uuid.lib odbc32.lib odbccp32.lib /MANIFEST /MANIFESTUAC:"level='asInvoker' uiAccess='false'" /manifest:embed /DEBUG /PDB:"C:\Users\Teodor\Documents\Visual Studio 2013\Projects\AEACD\AEACD\Debug\AEACD.pdb" /SUBSYSTEM:CONSOLE /TLBID:1 /DYNAMICBASE /NXCOMPAT /IMPLIB:"C:\Users\Teodor\Documents\Visual Studio 2013\Projects\AEACD\AEACD\Debug\AEACD.lib" /MACHINE:X86 Debug\AEACD.obj
         Debug\stdafx.obj
     1>AEACD.obj : error LNK2019: unresolved external symbol "void __cdecl cv::fastFree(void *)" (?fastFree@cv@@YAXPAX@Z) referenced in function "public: __thiscall cv::Mat::~Mat(void)" (??1Mat@cv@@QAE@XZ)
     1>AEACD.obj : error LNK2019: unresolved external symbol "public: __thiscall cv::_InputArray::_InputArray(class cv::Mat const &)" (??0_InputArray@cv@@QAE@ABVMat@1@@Z) referenced in function _main
     1>AEACD.obj : error LNK2019: unresolved external symbol "public: void __thiscall cv::Mat::deallocate(void)" (?deallocate@Mat@cv@@QAEXXZ) referenced in function "public: void __thiscall cv::Mat::release(void)" (?release@Mat@cv@@QAEXXZ)
     1>AEACD.obj : error LNK2019: unresolved external symbol "public: void __thiscall cv::Mat::copySize(class cv::Mat const &)" (?copySize@Mat@cv@@QAEXABV12@@Z) referenced in function "public: class cv::Mat & __thiscall cv::Mat::operator=(class cv::Mat const &)" (??4Mat@cv@@QAEAAV01@ABV01@@Z)
     1>AEACD.obj : error LNK2019: unresolved external symbol "int __cdecl cv::_interlockedExchangeAdd(int *,int)" (?_interlockedExchangeAdd@cv@@YAHPAHH@Z) referenced in function "public: class cv::Mat & __thiscall cv::Mat::operator=(class cv::Mat const &)" (??4Mat@cv@@QAEAAV01@ABV01@@Z)
     1>AEACD.obj : error LNK2019: unresolved external symbol "void __cdecl cv::namedWindow(class std::basic_string<char,struct std::char_traits<char>,class std::allocator<char> > const &,int)" (?namedWindow@cv@@YAXABV?$basic_string@DU?$char_traits@D@std@@V?$allocator@D@2@@std@@H@Z) referenced in function _main
     1>AEACD.obj : error LNK2019: unresolved external symbol "int __cdecl cv::waitKey(int)" (?waitKey@cv@@YAHH@Z) referenced in function _main
     1>AEACD.obj : error LNK2019: unresolved external symbol "void __cdecl cv::imshow(class std::basic_string<char,struct std::char_traits<char>,class std::allocator<char> > const &,class cv::_InputArray const &)" (?imshow@cv@@YAXABV?$basic_string@DU?$char_traits@D@std@@V?$allocator@D@2@@std@@ABV_InputArray@1@@Z) referenced in function _main
     1>AEACD.obj : error LNK2019: unresolved external symbol "class cv::Mat __cdecl cv::imread(class std::basic_string<char,struct std::char_traits<char>,class std::allocator<char> > const &,int)" (?imread@cv@@YA?AVMat@1@ABV?$basic_string@DU?$char_traits@D@std@@V?$allocator@D@2@@std@@H@Z) referenced in function _main
     1>C:\Users\Teodor\Documents\Visual Studio 2013\Projects\AEACD\AEACD\Debug\AEACD.exe : fatal error LNK1120: 9 unresolved externals
     1>Done Building Project "C:\Users\Teodor\Documents\Visual Studio 2013\Projects\AEACD\AEACD\AEACD\AEACD.vcxproj" (Build target(s)) -- FAILED.

Build FAILED.

Time Elapsed 00:00:00.90
